\BOOKMARK [1][]{section.1}{1\040Introduction}{}% 1
\BOOKMARK [2][]{subsection.1.1}{1.1\040Problem\040Background}{section.1}% 2
\BOOKMARK [2][]{subsection.1.2}{1.2\040Our\040work}{section.1}% 3
\BOOKMARK [1][]{section.2}{2\040Preparation\040of\040the\040Models}{}% 4
\BOOKMARK [2][]{subsection.2.1}{2.1\040Assumptions}{section.2}% 5
\BOOKMARK [2][]{subsection.2.2}{2.2\040Notations}{section.2}% 6
\BOOKMARK [1][]{section.3}{3\040Time-space\040Based\040Temperature\040Model\040through\040PDE}{}% 7
\BOOKMARK [2][]{subsection.3.1}{3.1\040Construction\040of\040PDE-Solving\040Model}{section.3}% 8
\BOOKMARK [3][]{subsubsection.3.1.1}{3.1.1\040General\040Preparations\040for\040PDE\040Solving\040Model}{subsection.3.1}% 9
\BOOKMARK [3][]{subsubsection.3.1.2}{3.1.2\040Partial\040Differential\040Equation\040of\040Heat\040Conduction}{subsection.3.1}% 10
\BOOKMARK [3][]{subsubsection.3.1.3}{3.1.3\040Inflow\040Process}{subsection.3.1}% 11
\BOOKMARK [3][]{subsubsection.3.1.4}{3.1.4\040Boundary\040Conditions\040of\040PDE}{subsection.3.1}% 12
\BOOKMARK [2][]{subsection.3.2}{3.2\040Parameter\040Testing\040by\040Free\040Cooling\040Process}{section.3}% 13
\BOOKMARK [1][]{section.4}{4\040Analysis\040of\040the\040Best\040Strategy}{}% 14
\BOOKMARK [2][]{subsection.4.1}{4.1\040Different\040Temperature,\040Same\040Flux}{section.4}% 15
\BOOKMARK [2][]{subsection.4.2}{4.2\040Different\040Flux,\040Same\040Temperature}{section.4}% 16
\BOOKMARK [2][]{subsection.4.3}{4.3\040Confirm\040the\040inflow\040methods}{section.4}% 17
\BOOKMARK [1][]{section.5}{5\040Analysis\040of\040Various\040Conditions}{}% 18
\BOOKMARK [2][]{subsection.5.1}{5.1\040The\040Factors\040of\040the\040Bathtub}{section.5}% 19
\BOOKMARK [2][]{subsection.5.2}{5.2\040The\040Factors\040of\040the\040person}{section.5}% 20
\BOOKMARK [2][]{subsection.5.3}{5.3\040A\040Bubble\040Bath\040Additive}{section.5}% 21
\BOOKMARK [2][]{subsection.5.4}{5.4\040New\040Consideration:\040Different\040Initial\040Temperature}{section.5}% 22
\BOOKMARK [1][]{section.6}{6\040Conclusion}{}% 23
\BOOKMARK [1][]{section.7}{7\040Strengths\040and\040Weaknesses}{}% 24
\BOOKMARK [2][]{subsection.7.1}{7.1\040Strengths}{section.7}% 25
\BOOKMARK [2][]{subsection.7.2}{7.2\040Weaknesses}{section.7}% 26
\BOOKMARK [1][]{subsection.7.2}{References}{}% 27
